TN:
SF:resources/js/app.js
FNF:0
FNH:0
DA:6,0
LF:1
LH:0
BRF:0
BRH:0
end_of_record
TN:
SF:resources/js/bootstrap.js
FNF:0
FNH:0
DA:2,0
DA:4,0
LF:2
LH:0
BRF:0
BRH:0
end_of_record
TN:
SF:resources/js/Components/Navbar.vue
FN:15,(anonymous_0)
FN:3,(anonymous_1)
FN:4,(anonymous_2)
FN:5,(anonymous_3)
FNF:4
FNH:1
FNDA:1,(anonymous_0)
FNDA:0,(anonymous_1)
FNDA:0,(anonymous_2)
FNDA:0,(anonymous_3)
DA:2,2
DA:3,0
DA:4,0
DA:5,0
DA:13,2
DA:15,2
DA:16,1
DA:17,1
LF:8
LH:5
BRDA:3,0,0,2
BRDA:3,0,1,2
BRDA:4,1,0,2
BRDA:4,1,1,2
BRDA:5,2,0,2
BRDA:5,2,1,2
BRF:6
BRH:6
end_of_record
TN:
SF:resources/js/Pages/Dashboard.vue
FNF:0
FNH:0
DA:2,1
LF:1
LH:1
BRF:0
BRH:0
end_of_record
TN:
SF:resources/js/Pages/Login.vue
FN:24,(anonymous_0)
FN:6,(anonymous_1)
FN:9,(anonymous_2)
FNF:3
FNH:0
FNDA:0,(anonymous_0)
FNDA:0,(anonymous_1)
FNDA:0,(anonymous_2)
DA:2,1
DA:6,0
DA:9,0
DA:21,0
DA:22,0
DA:24,0
DA:25,0
DA:26,0
DA:27,0
DA:28,0
DA:29,0
DA:31,0
DA:34,0
DA:35,0
LF:14
LH:1
BRDA:27,0,0,0
BRDA:27,0,1,0
BRDA:3,1,0,0
BRDA:3,1,1,0
BRDA:5,2,0,0
BRDA:5,2,1,0
BRDA:6,3,0,0
BRDA:6,3,1,0
BRDA:8,4,0,0
BRDA:8,4,1,0
BRDA:9,5,0,0
BRDA:9,5,1,0
BRDA:11,6,0,0
BRDA:11,6,1,0
BRF:14
BRH:0
end_of_record
TN:
SF:resources/js/Pages/Clientes/Criar.vue
FN:52,(anonymous_0)
FN:62,(anonymous_1)
FN:6,(anonymous_2)
FN:9,(anonymous_3)
FN:12,(anonymous_4)
FN:15,(anonymous_5)
FN:18,(anonymous_6)
FN:21,(anonymous_7)
FN:24,(anonymous_8)
FN:27,(anonymous_9)
FNF:10
FNH:9
FNDA:1,(anonymous_0)
FNDA:0,(anonymous_1)
FNDA:1,(anonymous_2)
FNDA:1,(anonymous_3)
FNDA:1,(anonymous_4)
FNDA:1,(anonymous_5)
FNDA:1,(anonymous_6)
FNDA:1,(anonymous_7)
FNDA:1,(anonymous_8)
FNDA:1,(anonymous_9)
DA:6,1
DA:9,1
DA:12,1
DA:15,1
DA:18,1
DA:21,1
DA:24,1
DA:27,1
DA:40,1
DA:41,1
DA:52,1
DA:53,1
DA:54,1
DA:55,1
DA:57,0
DA:58,0
DA:62,1
LF:17
LH:15
BRDA:3,0,0,9
BRDA:3,0,1,1
BRDA:5,1,0,9
BRDA:5,1,1,1
BRDA:6,2,0,9
BRDA:6,2,1,1
BRDA:8,3,0,9
BRDA:8,3,1,1
BRDA:9,4,0,9
BRDA:9,4,1,1
BRDA:11,5,0,9
BRDA:11,5,1,1
BRDA:12,6,0,9
BRDA:12,6,1,1
BRDA:14,7,0,9
BRDA:14,7,1,1
BRDA:15,8,0,9
BRDA:15,8,1,1
BRDA:17,9,0,9
BRDA:17,9,1,1
BRDA:18,10,0,9
BRDA:18,10,1,1
BRDA:20,11,0,9
BRDA:20,11,1,1
BRDA:21,12,0,9
BRDA:21,12,1,1
BRDA:23,13,0,9
BRDA:23,13,1,1
BRDA:24,14,0,9
BRDA:24,14,1,1
BRDA:26,15,0,9
BRDA:26,15,1,1
BRDA:27,16,0,9
BRDA:27,16,1,1
BRDA:29,17,0,9
BRDA:29,17,1,1
BRF:36
BRH:36
end_of_record
TN:
SF:resources/js/Pages/Clientes/Editar.vue
FN:53,(anonymous_0)
FN:63,(anonymous_1)
FN:73,(anonymous_2)
FN:6,(anonymous_3)
FN:9,(anonymous_4)
FN:12,(anonymous_5)
FN:15,(anonymous_6)
FN:18,(anonymous_7)
FN:21,(anonymous_8)
FN:24,(anonymous_9)
FN:27,(anonymous_10)
FNF:11
FNH:5
FNDA:3,(anonymous_0)
FNDA:1,(anonymous_1)
FNDA:1,(anonymous_2)
FNDA:1,(anonymous_3)
FNDA:1,(anonymous_4)
FNDA:0,(anonymous_5)
FNDA:0,(anonymous_6)
FNDA:0,(anonymous_7)
FNDA:0,(anonymous_8)
FNDA:0,(anonymous_9)
FNDA:0,(anonymous_10)
DA:6,1
DA:9,1
DA:12,0
DA:15,0
DA:18,0
DA:21,0
DA:24,0
DA:27,0
DA:40,3
DA:41,3
DA:42,3
DA:53,3
DA:54,3
DA:55,3
DA:56,3
DA:58,0
DA:59,0
DA:63,3
DA:64,1
DA:65,1
DA:66,1
DA:68,0
DA:69,0
DA:73,3
DA:75,3
LF:25
LH:15
BRDA:3,0,0,8
BRDA:3,0,1,3
BRDA:5,1,0,8
BRDA:5,1,1,3
BRDA:6,2,0,8
BRDA:6,2,1,3
BRDA:8,3,0,8
BRDA:8,3,1,3
BRDA:9,4,0,8
BRDA:9,4,1,3
BRDA:11,5,0,8
BRDA:11,5,1,3
BRDA:12,6,0,8
BRDA:12,6,1,3
BRDA:14,7,0,8
BRDA:14,7,1,3
BRDA:15,8,0,8
BRDA:15,8,1,3
BRDA:17,9,0,8
BRDA:17,9,1,3
BRDA:18,10,0,8
BRDA:18,10,1,3
BRDA:20,11,0,8
BRDA:20,11,1,3
BRDA:21,12,0,8
BRDA:21,12,1,3
BRDA:23,13,0,8
BRDA:23,13,1,3
BRDA:24,14,0,8
BRDA:24,14,1,3
BRDA:26,15,0,8
BRDA:26,15,1,3
BRDA:27,16,0,8
BRDA:27,16,1,3
BRDA:29,17,0,8
BRDA:29,17,1,3
BRF:36
BRH:36
end_of_record
TN:
SF:resources/js/Pages/Clientes/Index.vue
FN:40,(anonymous_0)
FN:51,(anonymous_1)
FN:52,(anonymous_2)
FN:53,(anonymous_3)
FN:54,(anonymous_4)
FN:58,(anonymous_5)
FN:21,(anonymous_6)
FN:22,(anonymous_7)
FN:23,(anonymous_8)
FNF:9
FNH:4
FNDA:1,(anonymous_0)
FNDA:0,(anonymous_1)
FNDA:0,(anonymous_2)
FNDA:0,(anonymous_3)
FNDA:1,(anonymous_4)
FNDA:1,(anonymous_5)
FNDA:0,(anonymous_6)
FNDA:0,(anonymous_7)
FNDA:1,(anonymous_8)
DA:21,0
DA:22,0
DA:23,1
DA:36,1
DA:37,1
DA:40,1
DA:41,1
DA:42,1
DA:43,1
DA:45,0
DA:46,0
DA:51,1
DA:52,1
DA:53,1
DA:54,1
DA:55,1
DA:56,1
DA:57,1
DA:58,1
DA:60,0
DA:61,0
DA:66,1
LF:22
LH:16
BRDA:55,0,0,1
BRDA:55,0,1,0
BRDA:3,1,0,3
BRDA:3,1,1,1
BRF:4
BRH:3
end_of_record
TN:
SF:resources/js/Pages/Clientes/Mostrar.vue
FN:25,(anonymous_0)
FN:35,(anonymous_1)
FNF:2
FNH:0
FNDA:0,(anonymous_0)
FNDA:0,(anonymous_1)
DA:21,0
DA:22,0
DA:23,0
DA:25,0
DA:26,0
DA:27,0
DA:28,0
DA:30,0
DA:31,0
DA:35,0
DA:37,0
LF:11
LH:0
BRDA:3,0,0,0
BRDA:3,0,1,0
BRDA:4,1,0,0
BRDA:4,1,1,0
BRDA:5,2,0,0
BRDA:5,2,1,0
BRDA:6,3,0,0
BRDA:6,3,1,0
BRDA:7,4,0,0
BRDA:7,4,1,0
BRDA:8,5,0,0
BRDA:8,5,1,0
BRDA:9,6,0,0
BRDA:9,6,1,0
BRDA:10,7,0,0
BRDA:10,7,1,0
BRDA:11,8,0,0
BRDA:11,8,1,0
BRF:18
BRH:0
end_of_record
TN:
SF:resources/js/Pages/Pedidos/Criar.vue
FN:100,(anonymous_0)
FN:113,(anonymous_1)
FN:117,(anonymous_2)
FN:122,(anonymous_3)
FN:129,(anonymous_4)
FN:134,(anonymous_5)
FN:135,(anonymous_6)
FN:138,(anonymous_7)
FN:139,(anonymous_8)
FN:146,(anonymous_9)
FN:147,(anonymous_10)
FN:154,(anonymous_11)
FN:156,(anonymous_12)
FN:180,(anonymous_13)
FN:196,(anonymous_14)
FN:8,(anonymous_15)
FN:26,(anonymous_16)
FN:27,(anonymous_17)
FN:45,(anonymous_18)
FN:56,(anonymous_19)
FNF:20
FNH:0
FNDA:0,(anonymous_0)
FNDA:0,(anonymous_1)
FNDA:0,(anonymous_2)
FNDA:0,(anonymous_3)
FNDA:0,(anonymous_4)
FNDA:0,(anonymous_5)
FNDA:0,(anonymous_6)
FNDA:0,(anonymous_7)
FNDA:0,(anonymous_8)
FNDA:0,(anonymous_9)
FNDA:0,(anonymous_10)
FNDA:0,(anonymous_11)
FNDA:0,(anonymous_12)
FNDA:0,(anonymous_13)
FNDA:0,(anonymous_14)
FNDA:0,(anonymous_15)
FNDA:0,(anonymous_16)
FNDA:0,(anonymous_17)
FNDA:0,(anonymous_18)
FNDA:0,(anonymous_19)
DA:2,1
DA:6,1
DA:8,0
DA:10,0
DA:22,1
DA:26,0
DA:27,0
DA:30,0
DA:40,1
DA:45,0
DA:50,1
DA:55,1
DA:56,0
DA:69,1
DA:85,0
DA:87,0
DA:88,0
DA:89,0
DA:94,0
DA:97,0
DA:98,0
DA:100,0
DA:101,0
DA:102,0
DA:103,0
DA:105,0
DA:106,0
DA:108,0
DA:109,0
DA:113,0
DA:114,0
DA:117,0
DA:118,0
DA:119,0
DA:122,0
DA:123,0
DA:124,0
DA:125,0
DA:126,0
DA:127,0
DA:129,0
DA:130,0
DA:131,0
DA:134,0
DA:135,0
DA:138,0
DA:139,0
DA:140,0
DA:141,0
DA:142,0
DA:146,0
DA:147,0
DA:148,0
DA:149,0
DA:150,0
DA:154,0
DA:156,0
DA:157,0
DA:158,0
DA:160,0
DA:161,0
DA:162,0
DA:165,0
DA:166,0
DA:167,0
DA:171,0
DA:172,0
DA:173,0
DA:174,0
DA:178,0
DA:180,0
DA:187,0
DA:188,0
DA:189,0
DA:191,0
DA:192,0
DA:196,0
DA:198,0
LF:78
LH:7
BRDA:103,0,0,0
BRDA:103,0,1,0
BRDA:106,1,0,0
BRDA:106,1,1,0
BRDA:125,2,0,0
BRDA:125,2,1,0
BRDA:130,3,0,0
BRDA:130,3,1,0
BRDA:131,4,0,0
BRDA:131,4,1,0
BRDA:142,5,0,0
BRDA:142,5,1,0
BRDA:148,6,0,0
BRDA:148,6,1,0
BRDA:149,7,0,0
BRDA:149,7,1,0
BRDA:154,8,0,0
BRDA:154,8,1,0
BRDA:154,9,0,0
BRDA:154,9,1,0
BRDA:160,10,0,0
BRDA:160,10,1,0
BRDA:165,11,0,0
BRDA:165,11,1,0
BRDA:172,12,0,0
BRDA:172,12,1,0
BRDA:3,13,0,0
BRDA:3,13,1,0
BRDA:7,14,0,0
BRDA:7,14,1,0
BRDA:8,15,0,0
BRDA:8,15,1,0
BRDA:9,16,0,0
BRDA:9,16,1,0
BRDA:16,17,0,0
BRDA:16,17,1,0
BRDA:29,18,0,0
BRDA:29,18,1,0
BRDA:70,19,0,0
BRDA:70,19,1,0
BRF:40
BRH:0
end_of_record
TN:
SF:resources/js/Pages/Pedidos/Editar.vue
FN:94,(anonymous_0)
FN:96,(anonymous_1)
FN:97,(anonymous_2)
FN:100,(anonymous_3)
FN:101,(anonymous_4)
FN:104,(anonymous_5)
FN:105,(anonymous_6)
FN:111,(anonymous_7)
FN:116,(anonymous_8)
FN:122,(anonymous_9)
FN:125,(anonymous_10)
FN:129,(anonymous_11)
FN:143,(anonymous_12)
FN:159,(anonymous_13)
FN:164,(anonymous_14)
FN:179,(anonymous_15)
FN:181,(anonymous_16)
FN:195,(anonymous_17)
FN:201,(anonymous_18)
FN:8,(anonymous_19)
FN:22,(anonymous_20)
FN:23,(anonymous_21)
FN:40,(anonymous_22)
FN:56,(anonymous_23)
FNF:24
FNH:0
FNDA:0,(anonymous_0)
FNDA:0,(anonymous_1)
FNDA:0,(anonymous_2)
FNDA:0,(anonymous_3)
FNDA:0,(anonymous_4)
FNDA:0,(anonymous_5)
FNDA:0,(anonymous_6)
FNDA:0,(anonymous_7)
FNDA:0,(anonymous_8)
FNDA:0,(anonymous_9)
FNDA:0,(anonymous_10)
FNDA:0,(anonymous_11)
FNDA:0,(anonymous_12)
FNDA:0,(anonymous_13)
FNDA:0,(anonymous_14)
FNDA:0,(anonymous_15)
FNDA:0,(anonymous_16)
FNDA:0,(anonymous_17)
FNDA:0,(anonymous_18)
FNDA:0,(anonymous_19)
FNDA:0,(anonymous_20)
FNDA:0,(anonymous_21)
FNDA:0,(anonymous_22)
FNDA:0,(anonymous_23)
DA:2,1
DA:6,1
DA:8,0
DA:10,0
DA:18,1
DA:22,0
DA:23,0
DA:26,0
DA:35,1
DA:40,0
DA:48,1
DA:55,1
DA:56,0
DA:64,1
DA:80,0
DA:81,0
DA:83,0
DA:84,0
DA:85,0
DA:87,0
DA:92,0
DA:94,0
DA:96,0
DA:97,0
DA:100,0
DA:101,0
DA:104,0
DA:105,0
DA:106,0
DA:107,0
DA:108,0
DA:111,0
DA:112,0
DA:113,0
DA:116,0
DA:117,0
DA:118,0
DA:119,0
DA:122,0
DA:123,0
DA:124,0
DA:125,0
DA:126,0
DA:129,0
DA:130,0
DA:131,0
DA:133,0
DA:134,0
DA:135,0
DA:138,0
DA:139,0
DA:140,0
DA:143,0
DA:144,0
DA:146,0
DA:147,0
DA:148,0
DA:150,0
DA:151,0
DA:152,0
DA:156,0
DA:159,0
DA:160,0
DA:162,0
DA:164,0
DA:171,0
DA:172,0
DA:173,0
DA:175,0
DA:179,0
DA:181,0
DA:182,0
DA:183,0
DA:188,0
DA:189,0
DA:191,0
DA:192,0
DA:194,0
DA:195,0
DA:201,0
DA:203,0
DA:205,0
DA:209,0
LF:83
LH:7
BRDA:94,0,0,0
BRDA:94,0,1,0
BRDA:94,1,0,0
BRDA:94,1,1,0
BRDA:97,2,0,0
BRDA:97,2,1,0
BRDA:97,3,0,0
BRDA:97,3,1,0
BRDA:108,4,0,0
BRDA:108,4,1,0
BRDA:126,5,0,0
BRDA:126,5,1,0
BRDA:133,6,0,0
BRDA:133,6,1,0
BRDA:138,7,0,0
BRDA:138,7,1,0
BRDA:146,8,0,0
BRDA:146,8,1,0
BRDA:150,9,0,0
BRDA:150,9,1,0
BRDA:150,10,0,0
BRDA:150,10,1,0
BRDA:160,11,0,0
BRDA:160,11,1,0
BRDA:188,12,0,0
BRDA:188,12,1,0
BRDA:189,13,0,0
BRDA:189,13,1,0
BRDA:3,14,0,0
BRDA:3,14,1,0
BRDA:7,15,0,0
BRDA:7,15,1,0
BRDA:8,16,0,0
BRDA:8,16,1,0
BRDA:9,17,0,0
BRDA:9,17,1,0
BRDA:15,18,0,0
BRDA:15,18,1,0
BRDA:25,19,0,0
BRDA:25,19,1,0
BRDA:65,20,0,0
BRDA:65,20,1,0
BRF:42
BRH:0
end_of_record
TN:
SF:resources/js/Pages/Pedidos/Index.vue
FN:48,(anonymous_0)
FN:58,(anonymous_1)
FN:59,(anonymous_2)
FN:66,(anonymous_3)
FN:68,(anonymous_4)
FN:69,(anonymous_5)
FN:70,(anonymous_6)
FN:71,(anonymous_7)
FN:75,(anonymous_8)
FN:30,(anonymous_9)
FN:31,(anonymous_10)
FN:32,(anonymous_11)
FNF:12
FNH:0
FNDA:0,(anonymous_0)
FNDA:0,(anonymous_1)
FNDA:0,(anonymous_2)
FNDA:0,(anonymous_3)
FNDA:0,(anonymous_4)
FNDA:0,(anonymous_5)
FNDA:0,(anonymous_6)
FNDA:0,(anonymous_7)
FNDA:0,(anonymous_8)
FNDA:0,(anonymous_9)
FNDA:0,(anonymous_10)
FNDA:0,(anonymous_11)
DA:2,1
DA:23,0
DA:30,0
DA:31,0
DA:32,0
DA:45,0
DA:46,0
DA:48,0
DA:49,0
DA:50,0
DA:51,0
DA:53,0
DA:54,0
DA:58,0
DA:59,0
DA:60,0
DA:61,0
DA:62,0
DA:66,0
DA:68,0
DA:69,0
DA:70,0
DA:71,0
DA:72,0
DA:73,0
DA:74,0
DA:75,0
DA:77,0
DA:78,0
DA:82,0
LF:30
LH:1
BRDA:51,0,0,0
BRDA:51,0,1,0
BRDA:60,1,0,0
BRDA:60,1,1,0
BRDA:61,2,0,0
BRDA:61,2,1,0
BRDA:61,2,2,0
BRDA:66,3,0,0
BRDA:66,3,1,0
BRDA:66,4,0,0
BRDA:66,4,1,0
BRDA:72,5,0,0
BRDA:72,5,1,0
BRDA:3,6,0,0
BRDA:3,6,1,0
BRDA:20,7,0,0
BRDA:20,7,1,0
BRF:17
BRH:0
end_of_record
TN:
SF:resources/js/Pages/Pedidos/Mostrar.vue
FN:36,(anonymous_0)
FN:46,(anonymous_1)
FN:48,(anonymous_2)
FN:55,(anonymous_3)
FN:57,(anonymous_4)
FNF:5
FNH:0
FNDA:0,(anonymous_0)
FNDA:0,(anonymous_1)
FNDA:0,(anonymous_2)
FNDA:0,(anonymous_3)
FNDA:0,(anonymous_4)
DA:9,0
DA:14,1
DA:31,0
DA:32,0
DA:34,0
DA:36,0
DA:37,0
DA:38,0
DA:39,0
DA:41,0
DA:42,0
DA:46,0
DA:47,0
DA:48,0
DA:49,0
DA:50,0
DA:51,0
DA:55,0
DA:57,0
DA:59,0
LF:20
LH:1
BRDA:47,0,0,0
BRDA:47,0,1,0
BRDA:47,1,0,0
BRDA:47,1,1,0
BRDA:49,2,0,0
BRDA:49,2,1,0
BRDA:50,3,0,0
BRDA:50,3,1,0
BRDA:50,4,0,0
BRDA:50,4,1,0
BRDA:55,5,0,0
BRDA:55,5,1,0
BRDA:55,6,0,0
BRDA:55,6,1,0
BRDA:5,7,0,0
BRDA:5,7,1,0
BRDA:5,8,0,0
BRDA:5,8,1,0
BRDA:7,9,0,0
BRDA:7,9,1,0
BRDA:10,10,0,0
BRDA:10,10,1,0
BRDA:10,11,0,0
BRDA:10,11,1,0
BRDA:15,12,0,0
BRDA:15,12,1,0
BRF:26
BRH:0
end_of_record
TN:
SF:resources/js/Pages/Produtos/Criar.vue
FN:28,(anonymous_0)
FN:33,(anonymous_1)
FN:39,(anonymous_2)
FN:54,(anonymous_3)
FN:6,(anonymous_4)
FN:9,(anonymous_5)
FNF:6
FNH:3
FNDA:0,(anonymous_0)
FNDA:0,(anonymous_1)
FNDA:1,(anonymous_2)
FNDA:0,(anonymous_3)
FNDA:1,(anonymous_4)
FNDA:1,(anonymous_5)
DA:6,1
DA:9,1
DA:25,1
DA:26,1
DA:28,1
DA:29,0
DA:30,0
DA:32,0
DA:33,0
DA:34,0
DA:36,0
DA:39,1
DA:40,1
DA:41,1
DA:42,1
DA:43,1
DA:44,1
DA:46,1
DA:47,1
DA:49,0
DA:50,0
DA:54,1
LF:22
LH:14
BRDA:30,0,0,0
BRDA:30,0,1,0
BRDA:3,1,0,3
BRDA:3,1,1,1
BRDA:5,2,0,3
BRDA:5,2,1,1
BRDA:6,3,0,3
BRDA:6,3,1,1
BRDA:8,4,0,3
BRDA:8,4,1,1
BRDA:9,5,0,3
BRDA:9,5,1,1
BRDA:11,6,0,3
BRDA:11,6,1,1
BRDA:14,7,0,3
BRDA:14,7,1,1
BRF:16
BRH:14
end_of_record
TN:
SF:resources/js/Pages/Produtos/Editar.vue
FN:30,(anonymous_0)
FN:41,(anonymous_1)
FN:46,(anonymous_2)
FN:52,(anonymous_3)
FN:67,(anonymous_4)
FN:6,(anonymous_5)
FN:9,(anonymous_6)
FNF:7
FNH:4
FNDA:2,(anonymous_0)
FNDA:0,(anonymous_1)
FNDA:0,(anonymous_2)
FNDA:1,(anonymous_3)
FNDA:0,(anonymous_4)
FNDA:1,(anonymous_5)
FNDA:1,(anonymous_6)
DA:6,1
DA:9,1
DA:26,2
DA:27,2
DA:28,2
DA:30,2
DA:31,2
DA:32,2
DA:33,2
DA:34,2
DA:36,0
DA:37,0
DA:41,2
DA:42,0
DA:43,0
DA:45,0
DA:46,0
DA:47,0
DA:49,0
DA:52,2
DA:53,1
DA:54,1
DA:55,1
DA:56,1
DA:57,1
DA:59,1
DA:60,1
DA:62,0
DA:63,0
DA:67,2
DA:69,2
LF:31
LH:21
BRDA:34,0,0,2
BRDA:34,0,1,2
BRDA:43,1,0,0
BRDA:43,1,1,0
BRDA:57,2,0,0
BRDA:57,2,1,1
BRDA:3,3,0,6
BRDA:3,3,1,2
BRDA:5,4,0,6
BRDA:5,4,1,2
BRDA:6,5,0,6
BRDA:6,5,1,2
BRDA:8,6,0,6
BRDA:8,6,1,2
BRDA:9,7,0,6
BRDA:9,7,1,2
BRDA:11,8,0,6
BRDA:11,8,1,2
BRDA:15,9,0,6
BRDA:15,9,1,2
BRF:20
BRH:17
end_of_record
TN:
SF:resources/js/Pages/Produtos/Index.vue
FN:48,(anonymous_0)
FN:59,(anonymous_1)
FN:60,(anonymous_2)
FN:61,(anonymous_3)
FN:64,(anonymous_4)
FN:68,(anonymous_5)
FN:29,(anonymous_6)
FN:30,(anonymous_7)
FN:31,(anonymous_8)
FNF:9
FNH:9
FNDA:6,(anonymous_0)
FNDA:1,(anonymous_1)
FNDA:1,(anonymous_2)
FNDA:1,(anonymous_3)
FNDA:1,(anonymous_4)
FNDA:1,(anonymous_5)
FNDA:1,(anonymous_6)
FNDA:1,(anonymous_7)
FNDA:1,(anonymous_8)
DA:29,1
DA:30,1
DA:31,1
DA:44,6
DA:45,6
DA:48,6
DA:49,6
DA:50,6
DA:51,6
DA:53,0
DA:54,0
DA:59,6
DA:60,6
DA:61,6
DA:64,6
DA:65,1
DA:66,1
DA:67,1
DA:68,1
DA:70,0
DA:71,0
DA:76,6
LF:22
LH:18
BRDA:51,0,0,6
BRDA:51,0,1,0
BRDA:65,1,0,1
BRDA:65,1,1,0
BRDA:3,2,0,13
BRDA:3,2,1,6
BRF:6
BRH:4
end_of_record
TN:
SF:resources/js/Pages/Produtos/Mostrar.vue
FN:20,(anonymous_0)
FN:30,(anonymous_1)
FNF:2
FNH:1
FNDA:1,(anonymous_0)
FNDA:0,(anonymous_1)
DA:16,1
DA:17,1
DA:18,1
DA:20,1
DA:21,1
DA:22,1
DA:23,1
DA:25,0
DA:26,0
DA:30,1
DA:32,1
LF:11
LH:9
BRDA:3,0,0,2
BRDA:3,0,1,1
BRDA:4,1,0,2
BRDA:4,1,1,1
BRDA:5,2,0,2
BRDA:5,2,1,1
BRDA:6,3,0,1
BRDA:6,3,1,1
BRDA:6,4,0,1
BRDA:6,4,1,1
BRF:10
BRH:10
end_of_record
TN:
SF:resources/js/Router/index.js
FN:44,(anonymous_0)
FNF:1
FNH:1
FNDA:11,(anonymous_0)
DA:18,1
DA:38,1
DA:44,1
DA:45,11
DA:46,11
DA:47,3
DA:48,8
LF:7
LH:7
BRDA:46,0,0,3
BRDA:46,0,1,8
BRDA:46,1,0,11
BRDA:46,1,1,3
BRF:4
BRH:4
end_of_record
TN:
SF:resources/js/Services/api.js
FN:11,(anonymous_0)
FNF:1
FNH:1
FNDA:2,(anonymous_0)
DA:3,1
DA:11,1
DA:12,2
DA:13,2
DA:14,2
LF:5
LH:5
BRDA:13,0,0,1
BRDA:13,0,1,1
BRF:2
BRH:2
end_of_record
TN:
SF:resources/js/Services/clientesService.js
FN:4,(anonymous_0)
FN:5,(anonymous_1)
FN:6,(anonymous_2)
FN:7,(anonymous_3)
FN:8,(anonymous_4)
FNF:5
FNH:5
FNDA:1,(anonymous_0)
FNDA:1,(anonymous_1)
FNDA:1,(anonymous_2)
FNDA:1,(anonymous_3)
FNDA:1,(anonymous_4)
DA:4,1
DA:5,1
DA:6,1
DA:7,1
DA:8,1
LF:5
LH:5
BRF:0
BRH:0
end_of_record
TN:
SF:resources/js/Services/pedidosService.js
FN:4,(anonymous_0)
FN:5,(anonymous_1)
FN:7,(anonymous_2)
FN:10,(anonymous_3)
FN:12,(anonymous_4)
FN:15,(anonymous_5)
FN:16,(anonymous_6)
FNF:7
FNH:7
FNDA:1,(anonymous_0)
FNDA:1,(anonymous_1)
FNDA:2,(anonymous_2)
FNDA:1,(anonymous_3)
FNDA:1,(anonymous_4)
FNDA:1,(anonymous_5)
FNDA:1,(anonymous_6)
DA:4,1
DA:6,1
DA:7,2
DA:8,1
DA:11,1
DA:12,1
DA:13,1
DA:15,1
DA:16,1
LF:9
LH:9
BRF:0
BRH:0
end_of_record
TN:
SF:resources/js/Services/produtosService.js
FN:4,(anonymous_0)
FN:5,(anonymous_1)
FN:6,(anonymous_2)
FN:7,(anonymous_3)
FN:8,(anonymous_4)
FNF:5
FNH:5
FNDA:1,(anonymous_0)
FNDA:1,(anonymous_1)
FNDA:1,(anonymous_2)
FNDA:1,(anonymous_3)
FNDA:1,(anonymous_4)
DA:4,1
DA:5,1
DA:6,1
DA:7,1
DA:8,1
LF:5
LH:5
BRF:0
BRH:0
end_of_record
TN:
SF:resources/js/api/auth.js
FN:9,(anonymous_0)
FN:19,(anonymous_1)
FN:25,(anonymous_2)
FN:31,(anonymous_3)
FNF:4
FNH:0
FNDA:0,(anonymous_0)
FNDA:0,(anonymous_1)
FNDA:0,(anonymous_2)
FNDA:0,(anonymous_3)
DA:4,0
DA:9,0
DA:10,0
DA:11,0
DA:12,0
DA:14,0
DA:20,0
DA:21,0
DA:26,0
DA:27,0
DA:32,0
DA:33,0
LF:12
LH:0
BRDA:11,0,0,0
BRDA:11,0,1,0
BRDA:33,1,0,0
BRDA:33,1,1,0
BRF:4
BRH:0
end_of_record
